make --dry-run --keep-going --print-directory
make: Entering directory `/Users/fjulien/trollstorejitenabler'
printf "\e[0;36m==> \e[1;36mNotice:\e[m %s\n" "Build may be slow as Theos isn’t using all available CPU cores on this computer. Consider upgrading GNU Make: https://theos.dev/docs/parallel-building"
 
\
abs_build_dir=.; \
if [[ "" != "" ]]; then \
  printf "\e[1;31m> \e[1;3;39m%s…\e[m\n" "Making all in subprojects of library TrollStoreJitEnabler"; \
  for d in ; do \
    d="${d%:*}"; \
    if [[ "${abs_build_dir}" = "." ]]; then \
      lbuilddir="."; \
    else \
      lbuilddir="${abs_build_dir}/$d"; \
    fi; \
    if /Applications/Xcode.app/Contents/Developer/usr/bin/make -C $d -f Makefile --no-keep-going COLOR=1 --no-print-directory all \
        THEOS_BUILD_DIR="$lbuilddir" \
       ; then\
       :; \
    else exit $?; \
    fi; \
  done; \
 fi; \
printf "\e[1;31m> \e[1;3;39m%s…\e[m\n" "Making all for library TrollStoreJitEnabler"; \
/Applications/Xcode.app/Contents/Developer/usr/bin/make -f Makefile --no-keep-going COLOR=1 --no-print-directory \
	internal-library-all \
	_THEOS_CURRENT_TYPE="library" \
	THEOS_CURRENT_INSTANCE="TrollStoreJitEnabler" \
	_THEOS_CURRENT_OPERATION="all" \
	THEOS_BUILD_DIR="."
 
[1;31m> [1;3;39mMaking all for library TrollStoreJitEnabler…[m
 
for i in TrollStoreJitEnabler.m utils.m fishhook/fishhook.c; do \
		if [[ ! -f "$i" ]]; then \
			printf "\e[0;31m==> \e[1;31mError:\e[m %s\n" "File $i does not exist."  >&2; exit 1; \
		fi; \
	done
mkdir -p /Users/fjulien/trollstorejitenabler/.theos/obj/; touch /Users/fjulien/trollstorejitenabler/.theos/obj/.stamp
 
mkdir -p /Users/fjulien/trollstorejitenabler/.theos/obj/fishhook/; touch /Users/fjulien/trollstorejitenabler/.theos/obj/fishhook/.stamp
/Applications/Xcode.app/Contents/Developer/usr/bin/make -f Makefile --no-keep-going COLOR=1 --no-print-directory \
		internal-library-compile \
		_THEOS_CURRENT_TYPE=library THEOS_CURRENT_INSTANCE=TrollStoreJitEnabler _THEOS_CURRENT_OPERATION=compile \
		THEOS_BUILD_DIR="." _THEOS_MAKE_PARALLEL=yes
 
make[2]: Nothing to be done for `internal-library-compile'.
 
:
:
 
make: Leaving directory `/Users/fjulien/trollstorejitenabler'
 
